<?xml version="1.0" encoding="utf-8"?><testsuites name="pytest tests"><testsuite name="pytest" errors="0" failures="0" skipped="0" tests="18" time="3.241" timestamp="2026-02-23T15:14:00.931374+00:00" hostname="agent-env-69bfee80-4e39-4882-9500-ed207935510a"><testcase classname="backend.tests.test_internal_linking.TestRelatedChannelsAPI" name="test_related_channels_returns_200" time="0.227" /><testcase classname="backend.tests.test_internal_linking.TestRelatedChannelsAPI" name="test_related_channels_returns_array" time="0.182" /><testcase classname="backend.tests.test_internal_linking.TestRelatedChannelsAPI" name="test_related_channels_excludes_current_channel" time="0.207" /><testcase classname="backend.tests.test_internal_linking.TestRelatedChannelsAPI" name="test_related_channels_same_country" time="0.208" /><testcase classname="backend.tests.test_internal_linking.TestRelatedChannelsAPI" name="test_related_channels_has_required_fields" time="0.140" /><testcase classname="backend.tests.test_internal_linking.TestRelatedChannelsAPI" name="test_related_channels_limit_parameter" time="0.150" /><testcase classname="backend.tests.test_internal_linking.TestRelatedChannelsAPI" name="test_related_channels_invalid_channel_returns_404" time="0.119" /><testcase classname="backend.tests.test_internal_linking.TestNeighboringCountriesAPI" name="test_neighbors_returns_200" time="0.136" /><testcase classname="backend.tests.test_internal_linking.TestNeighboringCountriesAPI" name="test_neighbors_returns_array" time="0.131" /><testcase classname="backend.tests.test_internal_linking.TestNeighboringCountriesAPI" name="test_neighbors_excludes_current_country" time="0.127" /><testcase classname="backend.tests.test_internal_linking.TestNeighboringCountriesAPI" name="test_neighbors_same_region" time="0.128" /><testcase classname="backend.tests.test_internal_linking.TestNeighboringCountriesAPI" name="test_neighbors_has_top_channel" time="0.136" /><testcase classname="backend.tests.test_internal_linking.TestNeighboringCountriesAPI" name="test_neighbors_limit_parameter" time="0.177" /><testcase classname="backend.tests.test_internal_linking.TestNeighboringCountriesAPI" name="test_neighbors_invalid_country_returns_404" time="0.132" /><testcase classname="backend.tests.test_internal_linking.TestNeighboringCountriesAPI" name="test_neighbors_returns_metadata" time="0.141" /><testcase classname="backend.tests.test_internal_linking.TestChannelPage" name="test_channel_endpoint_returns_data" time="0.480" /><testcase classname="backend.tests.test_internal_linking.TestCountryPage" name="test_country_endpoint_returns_data" time="0.238" /><testcase classname="backend.tests.test_internal_linking.TestCountryPage" name="test_country_has_channels" time="0.111" /></testsuite></testsuites>