<?xml version="1.0" encoding="utf-8"?><testsuites name="pytest tests"><testsuite name="pytest" errors="0" failures="1" skipped="0" tests="10" time="1.499" timestamp="2026-02-24T00:54:09.221363+00:00" hostname="agent-env-69bfee80-4e39-4882-9500-ed207935510a"><testcase classname="backend.tests.test_blog_country.TestBlogCountryAPI" name="test_get_blog_countries_list" time="0.157" /><testcase classname="backend.tests.test_blog_country.TestBlogCountryAPI" name="test_get_india_blog_post" time="0.125" /><testcase classname="backend.tests.test_blog_country.TestBlogCountryAPI" name="test_get_us_blog_post" time="0.123" /><testcase classname="backend.tests.test_blog_country.TestBlogCountryAPI" name="test_blog_post_has_region_and_flag" time="0.136" /><testcase classname="backend.tests.test_blog_country.TestBlogCountryAPI" name="test_blog_post_content_structure" time="0.123" /><testcase classname="backend.tests.test_blog_country.TestBlogCountryAPI" name="test_invalid_country_code" time="0.138" /><testcase classname="backend.tests.test_blog_country.TestBlogCountryAPI" name="test_lowercase_country_code" time="0.145" /><testcase classname="backend.tests.test_blog_country.TestSitemapWithCountryBlogPosts" name="test_api_sitemap_includes_blog_country_urls" time="0.124" /><testcase classname="backend.tests.test_blog_country.TestSitemapWithCountryBlogPosts" name="test_root_sitemap_includes_blog_country_urls" time="0.226"><failure message="AssertionError: Root sitemap should include /blog/country/ URLs&#10;assert '/blog/country/' in '&lt;?xml version=&quot;1.0&quot; encoding=&quot;UTF-8&quot;?&gt;\n&lt;urlset xmlns=&quot;http://www.sitemaps.org/schemas/sitemap/0.9&quot;&gt;\n  &lt;url&gt;\n    &lt;loc&gt;https://mostpopularyoutubechannel.com&lt;/loc&gt;\n    &lt;lastmod&gt;2026-02-22&lt;/lastmod&gt;\n    &lt;changefreq&gt;daily&lt;/changefreq&gt;\n    &lt;priority&gt;1.0&lt;/priority&gt;\n  &lt;/url&gt;\n  &lt;url&gt;\n    &lt;loc&gt;https://mostpopularyoutubechannel.com/leaderboard&lt;/loc&gt;\n    &lt;lastmod&gt;2026-02-22&lt;/lastmod&gt;\n    &lt;changefreq&gt;hourly&lt;/changefreq&gt;\n    &lt;priority&gt;0.9&lt;/priority&gt;\n  &lt;/url&gt;\n  &lt;url&gt;\n    &lt;loc&gt;https://mostpopularyoutubechannel.com/countries&lt;/loc&gt;\n    &lt;lastmod&gt;2026-02-22&lt;/lastmod&gt;\n    &lt;changefreq&gt;daily&lt;/changefreq&gt;\n    &lt;priority&gt;0.8&lt;/priority&gt;\n  &lt;/url&gt;\n  &lt;url&gt;\n    &lt;loc&gt;https://mostpopularyoutubechannel.com/trending&lt;/loc&gt;\n    &lt;lastmod&gt;2026-02-22&lt;/lastmod&gt;\n    &lt;changefreq&gt;hourly&lt;/changefreq&gt;\n    &lt;priority&gt;0.9&lt;/priority&gt;\n  &lt;/url&gt;\n  &lt;url&gt;\n    &lt;loc&gt;https://mostpopularyoutubechannel.com/compare&lt;/loc&gt;\n    &lt;lastmod&gt;2026-02-22&lt;/lastmod&gt;\n    &lt;changefreq&gt;weekly&lt;/changefreq&gt;\n    &lt;priority&gt;0.7&lt;/priority&gt;\n  &lt;/url&gt;\n  &lt;url&gt;\n    &lt;loc&gt;https://mostpopularyoutubechannel.com/blog&lt;/loc&gt;\n    &lt;lastmod&gt;2026-02-22&lt;/lastmod&gt;\n    &lt;changefreq&gt;daily&lt;/changefreq&gt;\n    &lt;priority&gt;0.8&lt;/priority&gt;\n  &lt;/url&gt;\n  &lt;u...om/channel/UCyRvjnhiC0MOXWS-7COPtyQ&lt;/loc&gt;\n    &lt;lastmod&gt;2026-02-22&lt;/lastmod&gt;\n    &lt;changefreq&gt;daily&lt;/changefreq&gt;\n    &lt;priority&gt;0.7&lt;/priority&gt;\n  &lt;/url&gt;\n  &lt;url&gt;\n    &lt;loc&gt;https://mostpopularyoutubechannel.com/channel/UCygklH4KxJ7SOjSKhhZ76pQ&lt;/loc&gt;\n    &lt;lastmod&gt;2026-02-22&lt;/lastmod&gt;\n    &lt;changefreq&gt;daily&lt;/changefreq&gt;\n    &lt;priority&gt;0.7&lt;/priority&gt;\n  &lt;/url&gt;\n  &lt;url&gt;\n    &lt;loc&gt;https://mostpopularyoutubechannel.com/channel/UCzaQqsTWICqdvnstCoirQYw&lt;/loc&gt;\n    &lt;lastmod&gt;2026-02-22&lt;/lastmod&gt;\n    &lt;changefreq&gt;daily&lt;/changefreq&gt;\n    &lt;priority&gt;0.7&lt;/priority&gt;\n  &lt;/url&gt;\n  &lt;url&gt;\n    &lt;loc&gt;https://mostpopularyoutubechannel.com/channel/UCzevPCfP7MtRqOB0ZkU5cwg&lt;/loc&gt;\n    &lt;lastmod&gt;2026-02-22&lt;/lastmod&gt;\n    &lt;changefreq&gt;daily&lt;/changefreq&gt;\n    &lt;priority&gt;0.7&lt;/priority&gt;\n  &lt;/url&gt;\n  &lt;url&gt;\n    &lt;loc&gt;https://mostpopularyoutubechannel.com/channel/UCzfyYtgvkx5mLy8nlLlayYg&lt;/loc&gt;\n    &lt;lastmod&gt;2026-02-22&lt;/lastmod&gt;\n    &lt;changefreq&gt;daily&lt;/changefreq&gt;\n    &lt;priority&gt;0.7&lt;/priority&gt;\n  &lt;/url&gt;\n  &lt;url&gt;\n    &lt;loc&gt;https://mostpopularyoutubechannel.com/channel/UCzuw8RRJieUSxhVnqO7a_vg&lt;/loc&gt;\n    &lt;lastmod&gt;2026-02-22&lt;/lastmod&gt;\n    &lt;changefreq&gt;daily&lt;/changefreq&gt;\n    &lt;priority&gt;0.7&lt;/priority&gt;\n  &lt;/url&gt;\n&lt;/urlset&gt;'">backend/tests/test_blog_country.py:197: in test_root_sitemap_includes_blog_country_urls
    assert "/blog/country/" in content, "Root sitemap should include /blog/country/ URLs"
E   AssertionError: Root sitemap should include /blog/country/ URLs
E   assert '/blog/country/' in '&lt;?xml version="1.0" encoding="UTF-8"?&gt;\n&lt;urlset xmlns="http://www.sitemaps.org/schemas/sitemap/0.9"&gt;\n  &lt;url&gt;\n    &lt;loc&gt;https://mostpopularyoutubechannel.com&lt;/loc&gt;\n    &lt;lastmod&gt;2026-02-22&lt;/lastmod&gt;\n    &lt;changefreq&gt;daily&lt;/changefreq&gt;\n    &lt;priority&gt;1.0&lt;/priority&gt;\n  &lt;/url&gt;\n  &lt;url&gt;\n    &lt;loc&gt;https://mostpopularyoutubechannel.com/leaderboard&lt;/loc&gt;\n    &lt;lastmod&gt;2026-02-22&lt;/lastmod&gt;\n    &lt;changefreq&gt;hourly&lt;/changefreq&gt;\n    &lt;priority&gt;0.9&lt;/priority&gt;\n  &lt;/url&gt;\n  &lt;url&gt;\n    &lt;loc&gt;https://mostpopularyoutubechannel.com/countries&lt;/loc&gt;\n    &lt;lastmod&gt;2026-02-22&lt;/lastmod&gt;\n    &lt;changefreq&gt;daily&lt;/changefreq&gt;\n    &lt;priority&gt;0.8&lt;/priority&gt;\n  &lt;/url&gt;\n  &lt;url&gt;\n    &lt;loc&gt;https://mostpopularyoutubechannel.com/trending&lt;/loc&gt;\n    &lt;lastmod&gt;2026-02-22&lt;/lastmod&gt;\n    &lt;changefreq&gt;hourly&lt;/changefreq&gt;\n    &lt;priority&gt;0.9&lt;/priority&gt;\n  &lt;/url&gt;\n  &lt;url&gt;\n    &lt;loc&gt;https://mostpopularyoutubechannel.com/compare&lt;/loc&gt;\n    &lt;lastmod&gt;2026-02-22&lt;/lastmod&gt;\n    &lt;changefreq&gt;weekly&lt;/changefreq&gt;\n    &lt;priority&gt;0.7&lt;/priority&gt;\n  &lt;/url&gt;\n  &lt;url&gt;\n    &lt;loc&gt;https://mostpopularyoutubechannel.com/blog&lt;/loc&gt;\n    &lt;lastmod&gt;2026-02-22&lt;/lastmod&gt;\n    &lt;changefreq&gt;daily&lt;/changefreq&gt;\n    &lt;priority&gt;0.8&lt;/priority&gt;\n  &lt;/url&gt;\n  &lt;u...om/channel/UCyRvjnhiC0MOXWS-7COPtyQ&lt;/loc&gt;\n    &lt;lastmod&gt;2026-02-22&lt;/lastmod&gt;\n    &lt;changefreq&gt;daily&lt;/changefreq&gt;\n    &lt;priority&gt;0.7&lt;/priority&gt;\n  &lt;/url&gt;\n  &lt;url&gt;\n    &lt;loc&gt;https://mostpopularyoutubechannel.com/channel/UCygklH4KxJ7SOjSKhhZ76pQ&lt;/loc&gt;\n    &lt;lastmod&gt;2026-02-22&lt;/lastmod&gt;\n    &lt;changefreq&gt;daily&lt;/changefreq&gt;\n    &lt;priority&gt;0.7&lt;/priority&gt;\n  &lt;/url&gt;\n  &lt;url&gt;\n    &lt;loc&gt;https://mostpopularyoutubechannel.com/channel/UCzaQqsTWICqdvnstCoirQYw&lt;/loc&gt;\n    &lt;lastmod&gt;2026-02-22&lt;/lastmod&gt;\n    &lt;changefreq&gt;daily&lt;/changefreq&gt;\n    &lt;priority&gt;0.7&lt;/priority&gt;\n  &lt;/url&gt;\n  &lt;url&gt;\n    &lt;loc&gt;https://mostpopularyoutubechannel.com/channel/UCzevPCfP7MtRqOB0ZkU5cwg&lt;/loc&gt;\n    &lt;lastmod&gt;2026-02-22&lt;/lastmod&gt;\n    &lt;changefreq&gt;daily&lt;/changefreq&gt;\n    &lt;priority&gt;0.7&lt;/priority&gt;\n  &lt;/url&gt;\n  &lt;url&gt;\n    &lt;loc&gt;https://mostpopularyoutubechannel.com/channel/UCzfyYtgvkx5mLy8nlLlayYg&lt;/loc&gt;\n    &lt;lastmod&gt;2026-02-22&lt;/lastmod&gt;\n    &lt;changefreq&gt;daily&lt;/changefreq&gt;\n    &lt;priority&gt;0.7&lt;/priority&gt;\n  &lt;/url&gt;\n  &lt;url&gt;\n    &lt;loc&gt;https://mostpopularyoutubechannel.com/channel/UCzuw8RRJieUSxhVnqO7a_vg&lt;/loc&gt;\n    &lt;lastmod&gt;2026-02-22&lt;/lastmod&gt;\n    &lt;changefreq&gt;daily&lt;/changefreq&gt;\n    &lt;priority&gt;0.7&lt;/priority&gt;\n  &lt;/url&gt;\n&lt;/urlset&gt;'</failure></testcase><testcase classname="backend.tests.test_blog_country.TestBlogCountriesCount" name="test_verify_country_count" time="0.129" /></testsuite></testsuites>