<?xml version="1.0" encoding="utf-8"?><testsuites name="pytest tests"><testsuite name="pytest" errors="0" failures="0" skipped="0" tests="18" time="3.960" timestamp="2026-02-22T04:24:15.942534+00:00" hostname="agent-env-21ac1180-d41f-402a-a465-97e797f03cfa"><testcase classname="tests.test_new_features.TestHealthAndBasics" name="test_health_endpoint" time="0.208" /><testcase classname="tests.test_new_features.TestHealthAndBasics" name="test_admin_stats" time="0.148" /><testcase classname="tests.test_new_features.TestSearchFunctionality" name="test_channels_search_returns_results" time="0.139" /><testcase classname="tests.test_new_features.TestSearchFunctionality" name="test_channels_search_partial_match" time="0.134" /><testcase classname="tests.test_new_features.TestSearchFunctionality" name="test_channels_search_case_insensitive" time="0.239" /><testcase classname="tests.test_new_features.TestSearchFunctionality" name="test_channels_search_no_results" time="0.104" /><testcase classname="tests.test_new_features.TestCompareFeature" name="test_get_single_channel_for_comparison" time="0.320" /><testcase classname="tests.test_new_features.TestCompareFeature" name="test_get_multiple_channels_for_comparison" time="0.764" /><testcase classname="tests.test_new_features.TestPWASupport" name="test_manifest_json_accessible" time="0.098" /><testcase classname="tests.test_new_features.TestPWASupport" name="test_service_worker_accessible" time="0.108" /><testcase classname="tests.test_new_features.TestLeaderboardWithAds" name="test_leaderboard_returns_channels" time="0.107" /><testcase classname="tests.test_new_features.TestLeaderboardWithAds" name="test_leaderboard_has_all_required_fields" time="0.102" /><testcase classname="tests.test_new_features.TestChannelDetailPage" name="test_channel_has_real_time_fields" time="0.256" /><testcase classname="tests.test_new_features.TestChannelDetailPage" name="test_channel_has_growth_history" time="0.260" /><testcase classname="tests.test_new_features.TestChannelDetailPage" name="test_channel_has_viral_prediction" time="0.335" /><testcase classname="tests.test_new_features.TestNewsletterEndpoint" name="test_newsletter_subscribe_new_email" time="0.121" /><testcase classname="tests.test_new_features.TestNewsletterEndpoint" name="test_newsletter_subscribe_duplicate" time="0.216" /><testcase classname="tests.test_new_features.TestMapData" name="test_map_data_returns_countries" time="0.215" /></testsuite></testsuites>