<?xml version="1.0" encoding="utf-8"?><testsuites name="pytest tests"><testsuite name="pytest" errors="0" failures="0" skipped="0" tests="21" time="3.033" timestamp="2026-02-22T03:01:22.039401+00:00" hostname="agent-env-e2a11c83-bb9e-45e5-a7a8-d71046aa1315"><testcase classname="backend.tests.test_final_features.TestHealthAndBasics" name="test_health_endpoint" time="0.152" /><testcase classname="backend.tests.test_final_features.TestHealthAndBasics" name="test_root_endpoint" time="0.135" /><testcase classname="backend.tests.test_final_features.TestCountriesAndChannels" name="test_total_countries_count" time="0.129" /><testcase classname="backend.tests.test_final_features.TestCountriesAndChannels" name="test_total_channels_count" time="0.127" /><testcase classname="backend.tests.test_final_features.TestCountriesAndChannels" name="test_all_countries_have_channels" time="0.286" /><testcase classname="backend.tests.test_final_features.TestCountriesAndChannels" name="test_countries_have_top_channel_data" time="0.259" /><testcase classname="backend.tests.test_final_features.TestSitemap" name="test_sitemap_exists" time="0.110" /><testcase classname="backend.tests.test_final_features.TestSitemap" name="test_sitemap_valid_xml" time="0.120" /><testcase classname="backend.tests.test_final_features.TestSitemap" name="test_sitemap_url_count" time="0.108" /><testcase classname="backend.tests.test_final_features.TestSitemap" name="test_sitemap_contains_static_pages" time="0.108" /><testcase classname="backend.tests.test_final_features.TestSitemap" name="test_sitemap_contains_country_pages" time="0.110" /><testcase classname="backend.tests.test_final_features.TestRobotsTxt" name="test_robots_txt_exists" time="0.128" /><testcase classname="backend.tests.test_final_features.TestRobotsTxt" name="test_robots_txt_content" time="0.124" /><testcase classname="backend.tests.test_final_features.TestContactForm" name="test_contact_form_success" time="0.106" /><testcase classname="backend.tests.test_final_features.TestContactForm" name="test_contact_form_validation" time="0.153" /><testcase classname="backend.tests.test_final_features.TestScheduler" name="test_scheduler_status_endpoint" time="0.126" /><testcase classname="backend.tests.test_final_features.TestScheduler" name="test_scheduler_is_running" time="0.121" /><testcase classname="backend.tests.test_final_features.TestScheduler" name="test_scheduler_has_three_jobs" time="0.107" /><testcase classname="backend.tests.test_final_features.TestLeaderboard" name="test_global_leaderboard" time="0.139" /><testcase classname="backend.tests.test_final_features.TestLeaderboard" name="test_country_leaderboard" time="0.106" /><testcase classname="backend.tests.test_final_features.TestMapData" name="test_map_data_endpoint" time="0.208" /></testsuite></testsuites>