<?xml version="1.0" encoding="utf-8"?><testsuites name="pytest tests"><testsuite name="pytest" errors="0" failures="0" skipped="0" tests="13" time="1.736" timestamp="2026-02-22T02:46:55.191231+00:00" hostname="agent-env-e2a11c83-bb9e-45e5-a7a8-d71046aa1315"><testcase classname="tests.test_scheduler_sitemap.TestHealthAndScheduler" name="test_health_check" time="0.147" /><testcase classname="tests.test_scheduler_sitemap.TestHealthAndScheduler" name="test_scheduler_status_endpoint" time="0.132" /><testcase classname="tests.test_scheduler_sitemap.TestHealthAndScheduler" name="test_scheduler_has_three_jobs" time="0.107" /><testcase classname="tests.test_scheduler_sitemap.TestHealthAndScheduler" name="test_scheduler_job_intervals" time="0.122" /><testcase classname="tests.test_scheduler_sitemap.TestHealthAndScheduler" name="test_scheduler_jobs_have_next_run_time" time="0.137" /><testcase classname="tests.test_scheduler_sitemap.TestSitemap" name="test_sitemap_returns_xml" time="0.127" /><testcase classname="tests.test_scheduler_sitemap.TestSitemap" name="test_sitemap_has_300_plus_urls" time="0.113" /><testcase classname="tests.test_scheduler_sitemap.TestSitemap" name="test_sitemap_contains_static_pages" time="0.118" /><testcase classname="tests.test_scheduler_sitemap.TestSitemap" name="test_sitemap_contains_country_pages" time="0.136" /><testcase classname="tests.test_scheduler_sitemap.TestSitemap" name="test_sitemap_contains_channel_pages" time="0.115" /><testcase classname="tests.test_scheduler_sitemap.TestAdminStats" name="test_admin_stats_endpoint" time="0.114" /><testcase classname="tests.test_scheduler_sitemap.TestLeaderboardEndpoints" name="test_global_leaderboard" time="0.122" /><testcase classname="tests.test_scheduler_sitemap.TestLeaderboardEndpoints" name="test_fastest_growing" time="0.136" /></testsuite></testsuites>