<?xml version="1.0" encoding="utf-8"?><testsuites name="pytest tests"><testsuite name="pytest" errors="0" failures="0" skipped="0" tests="32" time="4.531" timestamp="2026-03-08T02:25:52.538936+00:00" hostname="agent-env-4c9c3ff7-c3fe-42f2-847f-2db32153878d"><testcase classname="tests.test_regression_api.TestHealthAndRoot" name="test_health_check" time="0.139" /><testcase classname="tests.test_regression_api.TestHealthAndRoot" name="test_root_endpoint" time="0.115" /><testcase classname="tests.test_regression_api.TestChannelsRoutes" name="test_get_all_channels" time="0.119" /><testcase classname="tests.test_regression_api.TestChannelsRoutes" name="test_get_channel_by_id" time="0.352" /><testcase classname="tests.test_regression_api.TestChannelsRoutes" name="test_get_channel_not_found" time="0.112" /><testcase classname="tests.test_regression_api.TestChannelsRoutes" name="test_get_related_channels" time="0.112" /><testcase classname="tests.test_regression_api.TestCountriesRoutes" name="test_get_all_countries" time="0.291" /><testcase classname="tests.test_regression_api.TestCountriesRoutes" name="test_get_country_by_code" time="0.112" /><testcase classname="tests.test_regression_api.TestCountriesRoutes" name="test_get_country_not_found" time="0.101" /><testcase classname="tests.test_regression_api.TestCountriesRoutes" name="test_get_neighboring_countries" time="0.114" /><testcase classname="tests.test_regression_api.TestLeaderboardRoutes" name="test_global_leaderboard" time="0.122" /><testcase classname="tests.test_regression_api.TestLeaderboardRoutes" name="test_country_leaderboard" time="0.120" /><testcase classname="tests.test_regression_api.TestLeaderboardRoutes" name="test_fastest_growing" time="0.164" /><testcase classname="tests.test_regression_api.TestLeaderboardRoutes" name="test_biggest_gainers" time="0.112" /><testcase classname="tests.test_regression_api.TestStatsRoutes" name="test_map_data" time="0.244" /><testcase classname="tests.test_regression_api.TestStatsRoutes" name="test_channel_stats_history" time="0.107" /><testcase classname="tests.test_regression_api.TestSEORoutes" name="test_sitemap_xml" time="0.185" /><testcase classname="tests.test_regression_api.TestSEORoutes" name="test_scheduler_status" time="0.103" /><testcase classname="tests.test_regression_api.TestSEORoutes" name="test_quota_estimate" time="0.162" /><testcase classname="tests.test_regression_api.TestBlogRoutes" name="test_get_blog_posts" time="0.121" /><testcase classname="tests.test_regression_api.TestBlogRoutes" name="test_get_blog_categories" time="0.108" /><testcase classname="tests.test_regression_api.TestBlogRoutes" name="test_get_country_blog_post" time="0.106" /><testcase classname="tests.test_regression_api.TestBlogRoutes" name="test_get_all_country_blog_posts" time="0.105" /><testcase classname="tests.test_regression_api.TestBlogRoutes" name="test_admin_get_posts" time="0.123" /><testcase classname="tests.test_regression_api.TestBlogRoutes" name="test_admin_invalid_key" time="0.110" /><testcase classname="tests.test_regression_api.TestEngagementRoutes" name="test_get_channel_requests" time="0.100" /><testcase classname="tests.test_regression_api.TestEngagementRoutes" name="test_get_polls" time="0.110" /><testcase classname="tests.test_regression_api.TestEngagementRoutes" name="test_user_alerts_requires_auth" time="0.101" /><testcase classname="tests.test_regression_api.TestEngagementRoutes" name="test_user_favorites_requires_auth" time="0.124" /><testcase classname="tests.test_regression_api.TestRootSEOEndpoints" name="test_root_sitemap" time="0.114" /><testcase classname="tests.test_regression_api.TestRootSEOEndpoints" name="test_robots_txt" time="0.105" /><testcase classname="tests.test_regression_api.TestAutoGeneratedBlogPosts" name="test_auto_generated_posts" time="0.219" /></testsuite></testsuites>